<?xml version="1.0" encoding="UTF-8"?>
<!-- Generated by org.testng.reporters.JUnitReportReporter -->
<testsuite hostname="DESKTOP-T4E0KMB" failures="0" tests="4" name="TestNGPracties.TestNgPriorityDemo" time="0.036" errors="0" timestamp="2023-03-25T15:44:10 IST" skipped="0">
  <testcase classname="TestNGPracties.TestNgPriorityDemo" name="two" time="0.019"/>
  <system-out/>
  <testcase classname="TestNGPracties.TestNgPriorityDemo" name="three" time="0.006"/>
  <system-out/>
  <testcase classname="TestNGPracties.TestNgPriorityDemo" name="four" time="0.005"/>
  <system-out/>
  <testcase classname="TestNGPracties.TestNgPriorityDemo" name="one" time="0.006"/>
  <system-out/>
</testsuite> <!-- TestNGPracties.TestNgPriorityDemo -->
